Using pre-set license
Built from '2022.3/china_unity/release' branch; Version is '2022.3.43f1c1 (7a2282349f6f) revision 8004226'; Using compiler version '192829333'; Build Type 'Release'
OS: 'Windows 11  (10.0.26100) 64bit CoreCountrySpecific' Language: 'zh' Physical Memory: 15578 MB
BatchMode: 1, IsHumanControllingUs: 0, StartBugReporterOnCrash: 0, Is64bit: 1, IsPro: 1

COMMAND LINE ARGUMENTS:
D:\DevDownload\Unity\2022.3.15f1c1\2022.3.43f1c1\Editor\Unity.exe
-adb2
-batchMode
-noUpm
-name
AssetImportWorker18
-projectPath
D:/DevProject/UnityPro/Oner
-logFile
Logs/AssetImportWorker18.log
-srvPort
55897
Successfully changed project path to: D:/DevProject/UnityPro/Oner
D:/DevProject/UnityPro/Oner
[UnityMemory] Configuration Parameters - Can be set up in boot.config
    "memorysetup-bucket-allocator-granularity=16"
    "memorysetup-bucket-allocator-bucket-count=8"
    "memorysetup-bucket-allocator-block-size=33554432"
    "memorysetup-bucket-allocator-block-count=8"
    "memorysetup-main-allocator-block-size=16777216"
    "memorysetup-thread-allocator-block-size=16777216"
    "memorysetup-gfx-main-allocator-block-size=16777216"
    "memorysetup-gfx-thread-allocator-block-size=16777216"
    "memorysetup-cache-allocator-block-size=4194304"
    "memorysetup-typetree-allocator-block-size=2097152"
    "memorysetup-profiler-bucket-allocator-granularity=16"
    "memorysetup-profiler-bucket-allocator-bucket-count=8"
    "memorysetup-profiler-bucket-allocator-block-size=33554432"
    "memorysetup-profiler-bucket-allocator-block-count=8"
    "memorysetup-profiler-allocator-block-size=16777216"
    "memorysetup-profiler-editor-allocator-block-size=1048576"
    "memorysetup-temp-allocator-size-main=16777216"
    "memorysetup-job-temp-allocator-block-size=2097152"
    "memorysetup-job-temp-allocator-block-size-background=1048576"
    "memorysetup-job-temp-allocator-reduction-small-platforms=262144"
    "memorysetup-allocator-temp-initial-block-size-main=262144"
    "memorysetup-allocator-temp-initial-block-size-worker=262144"
    "memorysetup-temp-allocator-size-background-worker=32768"
    "memorysetup-temp-allocator-size-job-worker=262144"
    "memorysetup-temp-allocator-size-preload-manager=33554432"
    "memorysetup-temp-allocator-size-nav-mesh-worker=65536"
    "memorysetup-temp-allocator-size-audio-worker=65536"
    "memorysetup-temp-allocator-size-cloud-worker=32768"
    "memorysetup-temp-allocator-size-gi-baking-worker=262144"
    "memorysetup-temp-allocator-size-gfx=262144"
Player connection [19240]  Target information:

Player connection [19240]  * "[IP] 26.212.216.48 [Port] 0 [Flags] 2 [Guid] 2662825915 [EditorId] 2662825915 [Version] 1048832 [Id] WindowsEditor(7,LAPTOP-5P5FO6PS) [Debug] 1 [PackageName] WindowsEditor [ProjectName] Editor" 

Player connection [19240]  * "[IP] 192.168.31.149 [Port] 0 [Flags] 2 [Guid] 2662825915 [EditorId] 2662825915 [Version] 1048832 [Id] WindowsEditor(7,LAPTOP-5P5FO6PS) [Debug] 1 [PackageName] WindowsEditor [ProjectName] Editor" 

Player connection [19240] Host joined multi-casting on [225.0.0.222:54997]...
Player connection [19240] Host joined alternative multi-casting on [225.0.0.222:34997]...
[PhysX] Initialized MultithreadedTaskDispatcher with 32 workers.
Refreshing native plugins compatible for Editor in 21.91 ms, found 3 plugins.
Preloading 0 native plugins for Editor in 0.00 ms.
Initialize engine version: 2022.3.43f1c1 (7a2282349f6f)
[Subsystems] Discovering subsystems at path D:/DevDownload/Unity/2022.3.15f1c1/2022.3.43f1c1/Editor/Data/Resources/UnitySubsystems
[Subsystems] Discovering subsystems at path D:/DevProject/UnityPro/Oner/Assets
GfxDevice: creating device client; threaded=0; jobified=0
Direct3D:
    Version:  Direct3D 11.0 [level 11.1]
    Renderer: NVIDIA GeForce RTX 4060 Laptop GPU (ID=0x28e0)
    Vendor:   NVIDIA
    VRAM:     7957 MB
    Driver:   32.0.15.6607
Initialize mono
Mono path[0] = 'D:/DevDownload/Unity/2022.3.15f1c1/2022.3.43f1c1/Editor/Data/Managed'
Mono path[1] = 'D:/DevDownload/Unity/2022.3.15f1c1/2022.3.43f1c1/Editor/Data/MonoBleedingEdge/lib/mono/unityjit-win32'
Mono config path = 'D:/DevDownload/Unity/2022.3.15f1c1/2022.3.43f1c1/Editor/Data/MonoBleedingEdge/etc'
Using monoOptions --debugger-agent=transport=dt_socket,embedding=1,server=y,suspend=n,address=127.0.0.1:56352
Begin MonoManager ReloadAssembly
Registering precompiled unity dll's ...
Register platform support module: D:/DevDownload/Unity/2022.3.15f1c1/2022.3.43f1c1/Editor/Data/PlaybackEngines/WebGLSupport/UnityEditor.WebGL.Extensions.dll
Register platform support module: D:/DevDownload/Unity/2022.3.15f1c1/2022.3.43f1c1/Editor/Data/PlaybackEngines/WindowsStandaloneSupport/UnityEditor.WindowsStandalone.Extensions.dll
Registered in 0.010284 seconds.
- Loaded All Assemblies, in  0.284 seconds
Native extension for WindowsStandalone target not found
Native extension for WebGL target not found
Mono: successfully reloaded assembly
- Finished resetting the current domain, in  0.166 seconds
Domain Reload Profiling: 444ms
	BeginReloadAssembly (100ms)
		ExecutionOrderSort (0ms)
		DisableScriptedObjects (0ms)
		BackupInstance (0ms)
		ReleaseScriptingObjects (0ms)
		CreateAndSetChildDomain (1ms)
	RebuildCommonClasses (22ms)
	RebuildNativeTypeToScriptingClass (7ms)
	initialDomainReloadingComplete (55ms)
	LoadAllAssembliesAndSetupDomain (95ms)
		LoadAssemblies (94ms)
		RebuildTransferFunctionScriptingTraits (0ms)
		AnalyzeDomain (92ms)
			TypeCache.Refresh (91ms)
				TypeCache.ScanAssembly (81ms)
			ScanForSourceGeneratedMonoScriptInfo (0ms)
			ResolveRequiredComponents (0ms)
	FinalizeReload (166ms)
		ReleaseScriptCaches (0ms)
		RebuildScriptCaches (0ms)
		SetupLoadedEditorAssemblies (136ms)
			LogAssemblyErrors (0ms)
			InitializePlatformSupportModulesInManaged (7ms)
			SetLoadedEditorAssemblies (4ms)
			RefreshPlugins (0ms)
			BeforeProcessingInitializeOnLoad (1ms)
			ProcessInitializeOnLoadAttributes (93ms)
			ProcessInitializeOnLoadMethodAttributes (31ms)
			AfterProcessingInitializeOnLoad (0ms)
			EditorAssembliesLoaded (0ms)
		ExecutionOrderSort2 (0ms)
		AwakeInstancesAfterBackupRestoration (0ms)
========================================================================
Worker process is ready to serve import requests
Caller must complete domain reload
Begin MonoManager ReloadAssembly
- Loaded All Assemblies, in  0.542 seconds
Native extension for WindowsStandalone target not found
Native extension for WebGL target not found
Package Manager log level set to [2]
[Package Manager] Server::EnsureServerProcessIsRunning -- launch failed, reason: Unity was launched with the -noUpm command-line argument
[Package Manager] UpmClient::Send -- Unable to send message (not connected to UPM process).
[Package Manager] Cannot connect to Unity Package Manager local server
Mono: successfully reloaded assembly
- Finished resetting the current domain, in  0.552 seconds
Domain Reload Profiling: 1085ms
	BeginReloadAssembly (129ms)
		ExecutionOrderSort (0ms)
		DisableScriptedObjects (3ms)
		BackupInstance (0ms)
		ReleaseScriptingObjects (0ms)
		CreateAndSetChildDomain (17ms)
	RebuildCommonClasses (22ms)
	RebuildNativeTypeToScriptingClass (7ms)
	initialDomainReloadingComplete (42ms)
	LoadAllAssembliesAndSetupDomain (332ms)
		LoadAssemblies (274ms)
		RebuildTransferFunctionScriptingTraits (0ms)
		AnalyzeDomain (140ms)
			TypeCache.Refresh (120ms)
				TypeCache.ScanAssembly (108ms)
			ScanForSourceGeneratedMonoScriptInfo (12ms)
			ResolveRequiredComponents (5ms)
	FinalizeReload (552ms)
		ReleaseScriptCaches (0ms)
		RebuildScriptCaches (0ms)
		SetupLoadedEditorAssemblies (457ms)
			LogAssemblyErrors (0ms)
			InitializePlatformSupportModulesInManaged (5ms)
			SetLoadedEditorAssemblies (2ms)
			RefreshPlugins (0ms)
			BeforeProcessingInitializeOnLoad (51ms)
			ProcessInitializeOnLoadAttributes (358ms)
			ProcessInitializeOnLoadMethodAttributes (27ms)
			AfterProcessingInitializeOnLoad (12ms)
			EditorAssembliesLoaded (0ms)
		ExecutionOrderSort2 (0ms)
		AwakeInstancesAfterBackupRestoration (7ms)
Launched and connected shader compiler UnityShaderCompiler.exe after 0.07 seconds
Refreshing native plugins compatible for Editor in 6.84 ms, found 3 plugins.
Preloading 0 native plugins for Editor in 0.00 ms.
Unloading 4387 Unused Serialized files (Serialized files now loaded: 0)
Unloading 22 unused Assets / (55.8 KB). Loaded Objects now: 4872.
Memory consumption went from 165.9 MB to 165.9 MB.
Total: 3.550000 ms (FindLiveObjects: 0.264400 ms CreateObjectMapping: 0.069900 ms MarkObjects: 3.051900 ms  DeleteObjects: 0.163000 ms)

AssetImportParameters requested are different than current active one (requested -> active):
  custom:container-demuxer-ogg: 62fdf1f143b41e24485cea50d1cbac27 -> 
  custom:video-codec-MediaFoundation-h265: 746d11721c4dcdbdad8f713fa42b33f4 -> 
  custom:video-decoder-ogg-theora: a1e56fd34408186e4bbccfd4996cb3dc -> 
  custom:framework-win-MediaFoundation: 216162199b28c13a410421893ffa2e32 -> 
  custom:CustomObjectIndexerAttribute: 9a22284fe3817be447336de3de66b15e -> 
  custom:container-demuxer-webm: 4f35f7cbe854078d1ac9338744f61a02 -> 
  custom:container-muxer-webm: aa71ff27fc2769a1b78a27578f13a17b -> 
  custom:video-decoder-webm-vp8: 9c59270c3fd7afecdb556c50c9e8de78 -> 
  custom:SearchIndexIgnoredProperties: e643bd26f0fe6173181afceb89e7c659 -> 
  custom:AudioImporter_EditorPlatform: d09bf68614088b80899f8185d706f6e7 -> 
  custom:video-encoder-webm-vp8: eb34c28f22e8b96e1ab97ce403110664 -> 
  custom:audio-decoder-ogg-vorbis: bf7c407c2cedff20999df2af8eb42d56 -> 
  custom:audio-encoder-webm-vorbis: bf7c407c2cedff20999df2af8eb42d56 -> 
========================================================================
Received Prepare
Caller must complete domain reload
Begin MonoManager ReloadAssembly
- Loaded All Assemblies, in  0.683 seconds
Native extension for WindowsStandalone target not found
Native extension for WebGL target not found
[Package Manager] Server::EnsureServerProcessIsRunning -- launch failed, reason: Unity was launched with the -noUpm command-line argument
[Package Manager] UpmClient::Send -- Unable to send message (not connected to UPM process).
[Package Manager] Cannot connect to Unity Package Manager local server
Mono: successfully reloaded assembly
- Finished resetting the current domain, in  1.393 seconds
Domain Reload Profiling: 2062ms
	BeginReloadAssembly (225ms)
		ExecutionOrderSort (0ms)
		DisableScriptedObjects (5ms)
		BackupInstance (0ms)
		ReleaseScriptingObjects (0ms)
		CreateAndSetChildDomain (51ms)
	RebuildCommonClasses (37ms)
	RebuildNativeTypeToScriptingClass (12ms)
	initialDomainReloadingComplete (48ms)
	LoadAllAssembliesAndSetupDomain (347ms)
		LoadAssemblies (424ms)
		RebuildTransferFunctionScriptingTraits (0ms)
		AnalyzeDomain (54ms)
			TypeCache.Refresh (16ms)
				TypeCache.ScanAssembly (3ms)
			ScanForSourceGeneratedMonoScriptInfo (23ms)
			ResolveRequiredComponents (11ms)
	FinalizeReload (1393ms)
		ReleaseScriptCaches (0ms)
		RebuildScriptCaches (0ms)
		SetupLoadedEditorAssemblies (513ms)
			LogAssemblyErrors (0ms)
			InitializePlatformSupportModulesInManaged (7ms)
			SetLoadedEditorAssemblies (3ms)
			RefreshPlugins (0ms)
			BeforeProcessingInitializeOnLoad (67ms)
			ProcessInitializeOnLoadAttributes (376ms)
			ProcessInitializeOnLoadMethodAttributes (40ms)
			AfterProcessingInitializeOnLoad (21ms)
			EditorAssembliesLoaded (0ms)
		ExecutionOrderSort2 (0ms)
		AwakeInstancesAfterBackupRestoration (10ms)
Refreshing native plugins compatible for Editor in 8.69 ms, found 3 plugins.
Preloading 0 native plugins for Editor in 0.00 ms.
Unloading 4440 Unused Serialized files (Serialized files now loaded: 0)
Unloading 15 unused Assets / (29.0 KB). Loaded Objects now: 4949.
Memory consumption went from 163.0 MB to 163.0 MB.
Total: 3.291700 ms (FindLiveObjects: 0.288600 ms CreateObjectMapping: 0.104800 ms MarkObjects: 2.850700 ms  DeleteObjects: 0.046600 ms)

Prepare: number of updated asset objects reloaded= 0
AssetImportParameters requested are different than current active one (requested -> active):
  custom:scripting/monoscript/fileName/SuperCharacterController.cs: c511bd9d181ad2c3488d59b9287b116a -> 
  custom:container-demuxer-ogg: 62fdf1f143b41e24485cea50d1cbac27 -> 
  custom:scripting/monoscript/fileName/CollectionExtensions.cs: 0de5114dee9bfae7ea55bdae3b0d3f88 -> 
  custom:scripting/monoscript/fileName/InstantActionHandler.cs: 90647cc400823b41df847a6cbfc29026 -> 
  custom:scripting/monoscript/fileName/SuperCollision.cs: 888157d9df4545f7800783f094c8c273 -> 
  custom:video-codec-MediaFoundation-h265: 746d11721c4dcdbdad8f713fa42b33f4 -> 
  custom:video-decoder-ogg-theora: a1e56fd34408186e4bbccfd4996cb3dc -> 
  custom:scripting/monoscript/fileName/SuperCollider.cs: 99910f23e5fc6aa7cb8573052d1f7ac2 -> 
  custom:scripting/monoscript/fileName/DoubleJump.cs: 1359eef64a007879a547317eae1a0c5e -> 
  custom:framework-win-MediaFoundation: 216162199b28c13a410421893ffa2e32 -> 
  custom:scripting/monoscript/fileName/Move.cs: d8175e2c75b2b923250429092ef43a85 -> 
  custom:scripting/monoscript/fileName/PlayerCamera.cs: b178b271084040bd12f005109094346b -> 
  custom:scripting/monoscript/fileName/BSPTree.cs: 1bae6001f694de2f5bc94cbd9e2a5409 -> 
  custom:scripting/monoscript/fileName/SimpleActionHandler.cs: f7b533ad27e58628d9076fee28b5313c -> 
  custom:scripting/monoscript/fileName/SwitchWeapon.cs: 2bae5128e5825220242b156a43b3d4db -> 
  custom:CustomObjectIndexerAttribute: 9a22284fe3817be447336de3de66b15e -> 
  custom:scripting/monoscript/fileName/Fall.cs: 2fbde0244551afae75210bd5a85644fb -> 
  custom:scripting/monoscript/fileName/ControllerExtensions.cs: 1e90de09a65e90cbe09dcad7ffafd87c -> 
  custom:scripting/monoscript/fileName/AnimationVariations.cs: cb5eb6af831ebb964b748f6ade70b3ff -> 
  custom:container-demuxer-webm: 4f35f7cbe854078d1ac9338744f61a02 -> 
  custom:scripting/monoscript/fileName/SuperMath.cs: 6f17478ba9a5bad6ed134557c2fdee93 -> 
  custom:scripting/monoscript/fileName/IKHands.cs: a501caec83417fa61aa2095fce356c86 -> 
  custom:scripting/monoscript/fileName/RPGCharacterMovementController.cs: 68ef00d712878323b594ca07cd67cfd8 -> 
  custom:scripting/monoscript/fileName/SuperCollisionType.cs: fd7cfc42910077f94e90621986d7763c -> 
  custom:scripting/monoscript/fileName/SuperGround.cs: 849ed7f5b11c9db237ef61b01c5a5104 -> 
  custom:scripting/monoscript/fileName/BaseActionHandler.cs: 90647cc400823b41df847a6cbfc29026 -> 
  custom:scripting/monoscript/fileName/SuperStateMachine.cs: 8232af25ee187bdf8f5018c5dd028a4e -> 
  custom:scripting/monoscript/fileName/Idle.cs: 16ed73764a73aaa8d71608a762b31fa2 -> 
  custom:scripting/monoscript/fileName/PlayerInputController.cs: 53f9c62b24fb368da1ff2c4d4f52d193 -> 
  custom:scripting/monoscript/fileName/GUIControls.cs: 95b4841842ce692c364e0aac4c455c60 -> 
  custom:scripting/monoscript/fileName/Math3d.cs: 816ad95c73e4c3d25076a82af67658a1 -> 
  custom:container-muxer-webm: aa71ff27fc2769a1b78a27578f13a17b -> 
  custom:scripting/monoscript/fileName/PlayerMachine.cs: 038ad5037ea9a493e9e5c17d24cc2e2d -> 
  custom:scripting/monoscript/fileName/RPGCharacterController.cs: 50ec91c04939167c23373ca9ea694e72 -> 
  custom:video-decoder-webm-vp8: 9c59270c3fd7afecdb556c50c9e8de78 -> 
  custom:scripting/monoscript/fileName/NPC.cs: 4f3098839750b4e4dc501680980028ee -> 
  custom:scripting/monoscript/fileName/AnimationData.cs: 158842959f7e68a674ee203ab7d7a2b8 -> 
  custom:scripting/monoscript/fileName/RPGCharacterAnimatorEvents.cs: 54a9ca300583e734c3b4e545096070ba -> 
  custom:scripting/monoscript/fileName/IgnoredCollider.cs: 0cdf409b5aa8d4c25876d72b5c6a3b60 -> 
  custom:SearchIndexIgnoredProperties: e643bd26f0fe6173181afceb89e7c659 -> 
  custom:scripting/monoscript/fileName/AttackContext.cs: ecee8e069bd418bc4a97a67ed1a0ad33 -> 
  custom:scripting/monoscript/fileName/ActionHandler.cs: a3298048acccfde4e59a926f87bfad30 -> 
  custom:AudioImporter_EditorPlatform: d09bf68614088b80899f8185d706f6e7 -> 
  custom:scripting/monoscript/fileName/SetupInputLayers.cs: 389979534e379616ab9ca67b9498efac -> 
  custom:scripting/monoscript/fileName/AnimatorExtensions.cs: 72af1547ce7dae6261d30fb7becdaf12 -> 
  custom:scripting/monoscript/fileName/SlowTime.cs: 02b6e1a35e1d76a4ad29cf0e44eb6bf4 -> 
  custom:scripting/monoscript/fileName/WeaponExtensions.cs: dd941b82ef883000eea18e3038372a1c -> 
  custom:scripting/monoscript/fileName/EmptyContext.cs: 561fcfa0f80ef1a5777a9e88304c0e27 -> 
  custom:scripting/monoscript/fileName/Attack.cs: 91676e546567efff93d659a89c04882d -> 
  custom:scripting/monoscript/fileName/RPGCharacterNavigationController.cs: 77ed352f12608ac655897c8c0667a5c4 -> 
  custom:scripting/monoscript/fileName/DebugDraw.cs: 3a58a8dfbcd33809a50925ddcfb20b7d -> 
  custom:scripting/monoscript/fileName/CameraController.cs: 0a4c3fbe4ddbb8f8a43c9f9694752b4c -> 34b6be4e23ce86dc89786916c5983296
  custom:scripting/monoscript/fileName/Null.cs: 8182a3ed9f9c671f1b85d7a32d25e05c -> f21d09af01a1562156a2b42c414d9b4f
  custom:scripting/monoscript/fileName/SimpleStateMachine.cs: 3194d9edd59c29e6434b5869f1ce3a54 -> 
  custom:scripting/monoscript/fileName/GetHit.cs: 95887d6992e749ac2c6dffda80de644a -> 
  custom:scripting/monoscript/fileName/Navigation.cs: 341b51b7373dc1370e69423fa937406b -> e35012b3e8f0b9a62e22595c530c4b09
  custom:scripting/monoscript/fileName/Knockback.cs: 7b57ca427ed603ab9f942d8d57f0a620 -> 
  custom:video-encoder-webm-vp8: eb34c28f22e8b96e1ab97ce403110664 -> 
  custom:audio-decoder-ogg-vorbis: bf7c407c2cedff20999df2af8eb42d56 -> 
  custom:scripting/monoscript/fileName/CoroutineQueue.cs: 44a89a32fa8b8f22e820453622d0fe02 -> 
  custom:scripting/monoscript/fileName/RPGCharacterInputController.cs: 7bfc908f1d6a8f28410f86e4632e3231 -> 
  custom:scripting/monoscript/fileName/HitContext.cs: 94ecfcdb6fc0f07a50e97347de409486 -> 
  custom:scripting/monoscript/fileName/Knockdown.cs: 2fae05cc518297600a3c3b25d85f7720 -> 
  custom:scripting/monoscript/fileName/AnimationParameters.cs: c973e7ae104d9cfe8e3606552f276370 -> 
  custom:scripting/monoscript/fileName/RPGCharacterWeaponController.cs: f23903171406079cc2f01f8424504567 -> 
  custom:scripting/monoscript/fileName/DiveRoll.cs: 85055367cb7f61c5a97473c7ea0f7a45 -> 
  custom:scripting/monoscript/fileName/PlayerMachineDebug.cs: aaae341fc7774b17addcf81fd1992cd9 -> 
  custom:scripting/monoscript/fileName/HandlerTypes.cs: d8cfc6f27699c40e3ddbd348e668b8e9 -> 
  custom:scripting/monoscript/fileName/Gravity.cs: c53d682c0ba4f81e5f85146f4c20e65e -> 
  custom:audio-encoder-webm-vorbis: bf7c407c2cedff20999df2af8eb42d56 -> 
  custom:scripting/precompiled-assembly-types:Assembly-CSharp-Editor: b4255bb8c2a99e1ea5279aed982aff5c -> 2d2ccbbbee817a43ece495db968ee90c
  custom:scripting/monoscript/fileName/WeaponGroupings.cs: 3826a29d8d0ad8fd3cec751efa880b0e -> 
  custom:scripting/monoscript/fileName/MovementActionHandler.cs: 90647cc400823b41df847a6cbfc29026 -> 
  custom:scripting/monoscript/fileName/Jump.cs: f6a1a7a11fc6f7a59c929d3586483941 -> 
  custom:scripting/precompiled-assembly-types:Assembly-CSharp: ebbca7af30e6fc14ca66616e65a7e720 -> 11ada4e8721ce3802d59435dc2ffdf62
  custom:scripting/monoscript/fileName/HighJumpTrampoline.cs: 326e11537f2b54fa693aa421ad83b435 -> 
  custom:scripting/monoscript/fileName/NoJumpSlime.cs: 26149c261b8a609b3dfef63833079b0e -> 
  custom:scripting/monoscript/fileName/CollisionSphere.cs: f0073fcad95df0546316d67fb73ddfdf -> 
========================================================================
Received Import Request.
  Time since last request: 6146.495298 seconds.
  path: Assets/ExplosiveLLC/RPG Character Mecanim Animation Pack FREE/Avatars/RPG-Character-Upperbody-AvatarMask.mask
  artifactKey: Guid(87216dbdf7dd8a047817768e0beb23b2) Importer(815301076,1909f56bfc062723c751e8b465ee728b)
Start importing Assets/ExplosiveLLC/RPG Character Mecanim Animation Pack FREE/Avatars/RPG-Character-Upperbody-AvatarMask.mask using Guid(87216dbdf7dd8a047817768e0beb23b2) Importer(815301076,1909f56bfc062723c751e8b465ee728b) [PhysX] Initialized MultithreadedTaskDispatcher with 32 workers.
 -> (artifact id: 'a2c01eb1fef0d1ce46446028202b873e') in 0.007539 seconds
Number of updated asset objects reloaded before import = 0
Number of asset objects unloaded after import = 1
========================================================================
Received Prepare
Caller must complete domain reload
Begin MonoManager ReloadAssembly
- Loaded All Assemblies, in  0.416 seconds
Native extension for WindowsStandalone target not found
Native extension for WebGL target not found
[Package Manager] Server::EnsureServerProcessIsRunning -- launch failed, reason: Unity was launched with the -noUpm command-line argument
[Package Manager] UpmClient::Send -- Unable to send message (not connected to UPM process).
[Package Manager] Cannot connect to Unity Package Manager local server
Mono: successfully reloaded assembly
- Finished resetting the current domain, in  1.133 seconds
Domain Reload Profiling: 1540ms
	BeginReloadAssembly (142ms)
		ExecutionOrderSort (0ms)
		DisableScriptedObjects (3ms)
		BackupInstance (0ms)
		ReleaseScriptingObjects (0ms)
		CreateAndSetChildDomain (28ms)
	RebuildCommonClasses (21ms)
	RebuildNativeTypeToScriptingClass (7ms)
	initialDomainReloadingComplete (36ms)
	LoadAllAssembliesAndSetupDomain (200ms)
		LoadAssemblies (266ms)
		RebuildTransferFunctionScriptingTraits (0ms)
		AnalyzeDomain (14ms)
			TypeCache.Refresh (6ms)
				TypeCache.ScanAssembly (0ms)
			ScanForSourceGeneratedMonoScriptInfo (0ms)
			ResolveRequiredComponents (5ms)
	FinalizeReload (1133ms)
		ReleaseScriptCaches (0ms)
		RebuildScriptCaches (0ms)
		SetupLoadedEditorAssemblies (435ms)
			LogAssemblyErrors (0ms)
			InitializePlatformSupportModulesInManaged (5ms)
			SetLoadedEditorAssemblies (2ms)
			RefreshPlugins (0ms)
			BeforeProcessingInitializeOnLoad (60ms)
			ProcessInitializeOnLoadAttributes (320ms)
			ProcessInitializeOnLoadMethodAttributes (28ms)
			AfterProcessingInitializeOnLoad (19ms)
			EditorAssembliesLoaded (0ms)
		ExecutionOrderSort2 (0ms)
		AwakeInstancesAfterBackupRestoration (10ms)
Refreshing native plugins compatible for Editor in 10.70 ms, found 3 plugins.
Preloading 0 native plugins for Editor in 0.00 ms.
Unloading 4439 Unused Serialized files (Serialized files now loaded: 0)
Unloading 15 unused Assets / (29.0 KB). Loaded Objects now: 4953.
Memory consumption went from 162.9 MB to 162.8 MB.
Total: 3.176600 ms (FindLiveObjects: 0.286800 ms CreateObjectMapping: 0.076700 ms MarkObjects: 2.779900 ms  DeleteObjects: 0.032500 ms)

Prepare: number of updated asset objects reloaded= 0
AssetImportParameters requested are different than current active one (requested -> active):
  custom:scripting/monoscript/fileName/SuperCharacterController.cs: c511bd9d181ad2c3488d59b9287b116a -> 
  custom:container-demuxer-ogg: 62fdf1f143b41e24485cea50d1cbac27 -> 
  custom:scripting/monoscript/fileName/CollectionExtensions.cs: 0de5114dee9bfae7ea55bdae3b0d3f88 -> 
  custom:scripting/monoscript/fileName/InstantActionHandler.cs: 90647cc400823b41df847a6cbfc29026 -> 
  custom:scripting/monoscript/fileName/SuperCollision.cs: 888157d9df4545f7800783f094c8c273 -> 
  custom:video-codec-MediaFoundation-h265: 746d11721c4dcdbdad8f713fa42b33f4 -> 
  custom:video-decoder-ogg-theora: a1e56fd34408186e4bbccfd4996cb3dc -> 
  custom:scripting/monoscript/fileName/SuperCollider.cs: 99910f23e5fc6aa7cb8573052d1f7ac2 -> 
  custom:scripting/monoscript/fileName/DoubleJump.cs: 1359eef64a007879a547317eae1a0c5e -> 
  custom:framework-win-MediaFoundation: 216162199b28c13a410421893ffa2e32 -> 
  custom:scripting/monoscript/fileName/Move.cs: d8175e2c75b2b923250429092ef43a85 -> 
  custom:scripting/monoscript/fileName/PlayerCamera.cs: b178b271084040bd12f005109094346b -> 
  custom:scripting/monoscript/fileName/BSPTree.cs: 1bae6001f694de2f5bc94cbd9e2a5409 -> 
  custom:scripting/monoscript/fileName/SimpleActionHandler.cs: f7b533ad27e58628d9076fee28b5313c -> 
  custom:scripting/monoscript/fileName/SwitchWeapon.cs: 2bae5128e5825220242b156a43b3d4db -> 
  custom:CustomObjectIndexerAttribute: 9a22284fe3817be447336de3de66b15e -> 
  custom:scripting/monoscript/fileName/Fall.cs: 2fbde0244551afae75210bd5a85644fb -> 
  custom:scripting/monoscript/fileName/ControllerExtensions.cs: 1e90de09a65e90cbe09dcad7ffafd87c -> 
  custom:scripting/monoscript/fileName/AnimationVariations.cs: cb5eb6af831ebb964b748f6ade70b3ff -> 
  custom:container-demuxer-webm: 4f35f7cbe854078d1ac9338744f61a02 -> 
  custom:scripting/monoscript/fileName/SuperMath.cs: 6f17478ba9a5bad6ed134557c2fdee93 -> 
  custom:scripting/monoscript/fileName/IKHands.cs: a501caec83417fa61aa2095fce356c86 -> 
  custom:scripting/monoscript/fileName/RPGCharacterMovementController.cs: 68ef00d712878323b594ca07cd67cfd8 -> 
  custom:scripting/monoscript/fileName/SuperCollisionType.cs: fd7cfc42910077f94e90621986d7763c -> 
  custom:scripting/monoscript/fileName/SuperGround.cs: 849ed7f5b11c9db237ef61b01c5a5104 -> 
  custom:scripting/monoscript/fileName/BaseActionHandler.cs: 90647cc400823b41df847a6cbfc29026 -> 
  custom:scripting/monoscript/fileName/SuperStateMachine.cs: 8232af25ee187bdf8f5018c5dd028a4e -> 
  custom:scripting/monoscript/fileName/Idle.cs: 16ed73764a73aaa8d71608a762b31fa2 -> 
  custom:scripting/monoscript/fileName/PlayerInputController.cs: 53f9c62b24fb368da1ff2c4d4f52d193 -> 
  custom:scripting/monoscript/fileName/GUIControls.cs: 95b4841842ce692c364e0aac4c455c60 -> 
  custom:scripting/monoscript/fileName/Math3d.cs: 816ad95c73e4c3d25076a82af67658a1 -> 
  custom:container-muxer-webm: aa71ff27fc2769a1b78a27578f13a17b -> 
  custom:scripting/monoscript/fileName/PlayerMachine.cs: 038ad5037ea9a493e9e5c17d24cc2e2d -> 
  custom:scripting/monoscript/fileName/RPGCharacterController.cs: 50ec91c04939167c23373ca9ea694e72 -> 
  custom:video-decoder-webm-vp8: 9c59270c3fd7afecdb556c50c9e8de78 -> 
  custom:scripting/monoscript/fileName/NPC.cs: 4f3098839750b4e4dc501680980028ee -> 
  custom:scripting/monoscript/fileName/AnimationData.cs: 158842959f7e68a674ee203ab7d7a2b8 -> 
  custom:scripting/monoscript/fileName/RPGCharacterAnimatorEvents.cs: 54a9ca300583e734c3b4e545096070ba -> 
  custom:scripting/monoscript/fileName/IgnoredCollider.cs: 0cdf409b5aa8d4c25876d72b5c6a3b60 -> 
  custom:SearchIndexIgnoredProperties: e643bd26f0fe6173181afceb89e7c659 -> 
  custom:scripting/monoscript/fileName/AttackContext.cs: ecee8e069bd418bc4a97a67ed1a0ad33 -> 
  custom:scripting/monoscript/fileName/ActionHandler.cs: a3298048acccfde4e59a926f87bfad30 -> 
  custom:AudioImporter_EditorPlatform: d09bf68614088b80899f8185d706f6e7 -> 
  custom:scripting/monoscript/fileName/SetupInputLayers.cs: 389979534e379616ab9ca67b9498efac -> 
  custom:scripting/monoscript/fileName/AnimatorExtensions.cs: 72af1547ce7dae6261d30fb7becdaf12 -> 
  custom:scripting/monoscript/fileName/SlowTime.cs: 02b6e1a35e1d76a4ad29cf0e44eb6bf4 -> 
  custom:scripting/monoscript/fileName/WeaponExtensions.cs: dd941b82ef883000eea18e3038372a1c -> 
  custom:scripting/monoscript/fileName/EmptyContext.cs: 561fcfa0f80ef1a5777a9e88304c0e27 -> 
  custom:scripting/monoscript/fileName/Attack.cs: 91676e546567efff93d659a89c04882d -> 
  custom:scripting/monoscript/fileName/RPGCharacterNavigationController.cs: 77ed352f12608ac655897c8c0667a5c4 -> 
  custom:scripting/monoscript/fileName/DebugDraw.cs: 3a58a8dfbcd33809a50925ddcfb20b7d -> 
  custom:scripting/monoscript/fileName/CameraController.cs: 0a4c3fbe4ddbb8f8a43c9f9694752b4c -> 34b6be4e23ce86dc89786916c5983296
  custom:scripting/monoscript/fileName/Null.cs: 8182a3ed9f9c671f1b85d7a32d25e05c -> f21d09af01a1562156a2b42c414d9b4f
  custom:scripting/monoscript/fileName/SimpleStateMachine.cs: 3194d9edd59c29e6434b5869f1ce3a54 -> 
  custom:scripting/monoscript/fileName/GetHit.cs: 95887d6992e749ac2c6dffda80de644a -> 
  custom:scripting/monoscript/fileName/Navigation.cs: 341b51b7373dc1370e69423fa937406b -> e35012b3e8f0b9a62e22595c530c4b09
  custom:scripting/monoscript/fileName/Knockback.cs: 7b57ca427ed603ab9f942d8d57f0a620 -> 
  custom:video-encoder-webm-vp8: eb34c28f22e8b96e1ab97ce403110664 -> 
  custom:audio-decoder-ogg-vorbis: bf7c407c2cedff20999df2af8eb42d56 -> 
  custom:scripting/monoscript/fileName/CoroutineQueue.cs: 44a89a32fa8b8f22e820453622d0fe02 -> 
  custom:scripting/monoscript/fileName/RPGCharacterInputController.cs: 7bfc908f1d6a8f28410f86e4632e3231 -> 
  custom:scripting/monoscript/fileName/HitContext.cs: 94ecfcdb6fc0f07a50e97347de409486 -> 
  custom:scripting/monoscript/fileName/Knockdown.cs: 2fae05cc518297600a3c3b25d85f7720 -> 
  custom:scripting/monoscript/fileName/AnimationParameters.cs: c973e7ae104d9cfe8e3606552f276370 -> 
  custom:scripting/monoscript/fileName/RPGCharacterWeaponController.cs: f23903171406079cc2f01f8424504567 -> 
  custom:scripting/monoscript/fileName/DiveRoll.cs: 85055367cb7f61c5a97473c7ea0f7a45 -> 
  custom:scripting/monoscript/fileName/PlayerMachineDebug.cs: aaae341fc7774b17addcf81fd1992cd9 -> 
  custom:scripting/monoscript/fileName/HandlerTypes.cs: d8cfc6f27699c40e3ddbd348e668b8e9 -> 
  custom:scripting/monoscript/fileName/Gravity.cs: c53d682c0ba4f81e5f85146f4c20e65e -> 
  custom:audio-encoder-webm-vorbis: bf7c407c2cedff20999df2af8eb42d56 -> 
  custom:scripting/precompiled-assembly-types:Assembly-CSharp-Editor: b4255bb8c2a99e1ea5279aed982aff5c -> 2d2ccbbbee817a43ece495db968ee90c
  custom:scripting/monoscript/fileName/WeaponGroupings.cs: 3826a29d8d0ad8fd3cec751efa880b0e -> 
  custom:scripting/monoscript/fileName/MovementActionHandler.cs: 90647cc400823b41df847a6cbfc29026 -> 
  custom:scripting/monoscript/fileName/Jump.cs: f6a1a7a11fc6f7a59c929d3586483941 -> 
  custom:scripting/precompiled-assembly-types:Assembly-CSharp: ebbca7af30e6fc14ca66616e65a7e720 -> 11ada4e8721ce3802d59435dc2ffdf62
  custom:scripting/monoscript/fileName/HighJumpTrampoline.cs: 326e11537f2b54fa693aa421ad83b435 -> 
  custom:scripting/monoscript/fileName/NoJumpSlime.cs: 26149c261b8a609b3dfef63833079b0e -> 
  custom:scripting/monoscript/fileName/CollisionSphere.cs: f0073fcad95df0546316d67fb73ddfdf -> 
========================================================================
Received Import Request.
  Time since last request: 44.601292 seconds.
  path: Assets/ExplosiveLLC/RPG Character Mecanim Animation Pack FREE/Animations/2Hand-Sword/RPG-Character@2Hand-Sword-Attack2.FBX
  artifactKey: Guid(7b5b17e2d42e0424f9c36012595dc9b6) Importer(815301076,1909f56bfc062723c751e8b465ee728b)
Start importing Assets/ExplosiveLLC/RPG Character Mecanim Animation Pack FREE/Animations/2Hand-Sword/RPG-Character@2Hand-Sword-Attack2.FBX using Guid(7b5b17e2d42e0424f9c36012595dc9b6) Importer(815301076,1909f56bfc062723c751e8b465ee728b) [PhysX] Initialized MultithreadedTaskDispatcher with 32 workers.
 -> (artifact id: '208d3dfcc91beaf779ba6402c8f54e04') in 0.020254 seconds
Number of updated asset objects reloaded before import = 0
Number of asset objects unloaded after import = 113
========================================================================
Received Import Request.
  Time since last request: 0.018755 seconds.
  path: Assets/ExplosiveLLC/RPG Character Mecanim Animation Pack FREE/Animations/2Hand-Sword/RPG-Character@2Hand-Sword-Attack5.FBX
  artifactKey: Guid(04cb27dc01c081446ba2c02f2761f01d) Importer(815301076,1909f56bfc062723c751e8b465ee728b)
Start importing Assets/ExplosiveLLC/RPG Character Mecanim Animation Pack FREE/Animations/2Hand-Sword/RPG-Character@2Hand-Sword-Attack5.FBX using Guid(04cb27dc01c081446ba2c02f2761f01d) Importer(815301076,1909f56bfc062723c751e8b465ee728b) [PhysX] Initialized MultithreadedTaskDispatcher with 32 workers.
 -> (artifact id: '2add45f16362f4ae08a986b32024585c') in 0.003556 seconds
Number of updated asset objects reloaded before import = 0
Number of asset objects unloaded after import = 113
========================================================================
Received Import Request.
  Time since last request: 0.029767 seconds.
  path: Assets/ExplosiveLLC/RPG Character Mecanim Animation Pack FREE/Animations/2Hand-Sword/RPG-Character@2Hand-Sword-Attack6.FBX
  artifactKey: Guid(c9cdccfb9d6cfef4d9992105a94b5d86) Importer(815301076,1909f56bfc062723c751e8b465ee728b)
Start importing Assets/ExplosiveLLC/RPG Character Mecanim Animation Pack FREE/Animations/2Hand-Sword/RPG-Character@2Hand-Sword-Attack6.FBX using Guid(c9cdccfb9d6cfef4d9992105a94b5d86) Importer(815301076,1909f56bfc062723c751e8b465ee728b) [PhysX] Initialized MultithreadedTaskDispatcher with 32 workers.
 -> (artifact id: '807d9522c943a41516150f6c55f8bdca') in 0.003547 seconds
Number of updated asset objects reloaded before import = 0
Number of asset objects unloaded after import = 113
========================================================================
Received Import Request.
  Time since last request: 0.030745 seconds.
  path: Assets/ExplosiveLLC/RPG Character Mecanim Animation Pack FREE/Animations/2Hand-Sword/RPG-Character@2Hand-Sword-DiveRoll-Forward1.max.FBX
  artifactKey: Guid(6c53184d9a4fe38429cf4aac4a3979d2) Importer(815301076,1909f56bfc062723c751e8b465ee728b)
Start importing Assets/ExplosiveLLC/RPG Character Mecanim Animation Pack FREE/Animations/2Hand-Sword/RPG-Character@2Hand-Sword-DiveRoll-Forward1.max.FBX using Guid(6c53184d9a4fe38429cf4aac4a3979d2) Importer(815301076,1909f56bfc062723c751e8b465ee728b) [PhysX] Initialized MultithreadedTaskDispatcher with 32 workers.
 -> (artifact id: '7cf83a5e3f9da66c2d0c0995feac4d49') in 0.003911 seconds
Number of updated asset objects reloaded before import = 0
Number of asset objects unloaded after import = 113
========================================================================
Received Import Request.
  Time since last request: 0.032817 seconds.
  path: Assets/ExplosiveLLC/RPG Character Mecanim Animation Pack FREE/Animations/2Hand-Sword/RPG-Character@2Hand-Sword-GetHit-L1.FBX
  artifactKey: Guid(0dd762bba3f94304ba04bda41e983fd2) Importer(815301076,1909f56bfc062723c751e8b465ee728b)
Start importing Assets/ExplosiveLLC/RPG Character Mecanim Animation Pack FREE/Animations/2Hand-Sword/RPG-Character@2Hand-Sword-GetHit-L1.FBX using Guid(0dd762bba3f94304ba04bda41e983fd2) Importer(815301076,1909f56bfc062723c751e8b465ee728b) [PhysX] Initialized MultithreadedTaskDispatcher with 32 workers.
 -> (artifact id: 'e1c8e155513bd516d27ba9b0cc386149') in 0.003621 seconds
Number of updated asset objects reloaded before import = 0
Number of asset objects unloaded after import = 113
========================================================================
Received Import Request.
  Time since last request: 0.039642 seconds.
  path: Assets/ExplosiveLLC/RPG Character Mecanim Animation Pack FREE/Animations/2Hand-Sword/RPG-Character@2Hand-Sword-Getup1.FBX
  artifactKey: Guid(d63c8b6f3173d5e4f94e4df99263a5bf) Importer(815301076,1909f56bfc062723c751e8b465ee728b)
Start importing Assets/ExplosiveLLC/RPG Character Mecanim Animation Pack FREE/Animations/2Hand-Sword/RPG-Character@2Hand-Sword-Getup1.FBX using Guid(d63c8b6f3173d5e4f94e4df99263a5bf) Importer(815301076,1909f56bfc062723c751e8b465ee728b) [PhysX] Initialized MultithreadedTaskDispatcher with 32 workers.
 -> (artifact id: '2b23887171ca4ebb7aab13bcf5b173d6') in 0.003757 seconds
Number of updated asset objects reloaded before import = 0
Number of asset objects unloaded after import = 113
========================================================================
Received Import Request.
  Time since last request: 0.036208 seconds.
  path: Assets/ExplosiveLLC/RPG Character Mecanim Animation Pack FREE/Animations/2Hand-Sword/RPG-Character@2Hand-Sword-Jump-Flip.FBX
  artifactKey: Guid(806ec0312335dcd4aa59baadbf13ff9d) Importer(815301076,1909f56bfc062723c751e8b465ee728b)
Start importing Assets/ExplosiveLLC/RPG Character Mecanim Animation Pack FREE/Animations/2Hand-Sword/RPG-Character@2Hand-Sword-Jump-Flip.FBX using Guid(806ec0312335dcd4aa59baadbf13ff9d) Importer(815301076,1909f56bfc062723c751e8b465ee728b) [PhysX] Initialized MultithreadedTaskDispatcher with 32 workers.
 -> (artifact id: '76bb519bb7a7c5aae130a2ec52ecb81e') in 0.003768 seconds
Number of updated asset objects reloaded before import = 0
Number of asset objects unloaded after import = 113
========================================================================
Received Import Request.
  Time since last request: 0.000016 seconds.
  path: Assets/ExplosiveLLC/RPG Character Mecanim Animation Pack FREE/Animations/2Hand-Sword/RPG-Character@2Hand-Sword-Knockdown1.FBX
  artifactKey: Guid(35512810a6874a749a590d405f34fa4a) Importer(815301076,1909f56bfc062723c751e8b465ee728b)
Start importing Assets/ExplosiveLLC/RPG Character Mecanim Animation Pack FREE/Animations/2Hand-Sword/RPG-Character@2Hand-Sword-Knockdown1.FBX using Guid(35512810a6874a749a590d405f34fa4a) Importer(815301076,1909f56bfc062723c751e8b465ee728b) [PhysX] Initialized MultithreadedTaskDispatcher with 32 workers.
 -> (artifact id: '1db1c6bb9c48e4df18747f4b15de6702') in 0.002658 seconds
Number of updated asset objects reloaded before import = 0
Number of asset objects unloaded after import = 113
========================================================================
Received Import Request.
  Time since last request: 0.000009 seconds.
  path: Assets/ExplosiveLLC/RPG Character Mecanim Animation Pack FREE/Animations/2Hand-Sword/RPG-Character@2Hand-Sword-Run-Right.FBX
  artifactKey: Guid(4f39d99d24b158847b8ff563126be238) Importer(815301076,1909f56bfc062723c751e8b465ee728b)
Start importing Assets/ExplosiveLLC/RPG Character Mecanim Animation Pack FREE/Animations/2Hand-Sword/RPG-Character@2Hand-Sword-Run-Right.FBX using Guid(4f39d99d24b158847b8ff563126be238) Importer(815301076,1909f56bfc062723c751e8b465ee728b) [PhysX] Initialized MultithreadedTaskDispatcher with 32 workers.
 -> (artifact id: '1154681d1745206dd39be26cb7f0c439') in 0.002667 seconds
Number of updated asset objects reloaded before import = 0
Number of asset objects unloaded after import = 113
========================================================================
Received Import Request.
  Time since last request: 0.000008 seconds.
  path: Assets/ExplosiveLLC/RPG Character Mecanim Animation Pack FREE/Animations/2Hand-Sword/RPG-Character@2Hand-Sword-Strafe-Backward-Right.FBX
  artifactKey: Guid(0b57817742a7a134a8e4ff2c3594632d) Importer(815301076,1909f56bfc062723c751e8b465ee728b)
Start importing Assets/ExplosiveLLC/RPG Character Mecanim Animation Pack FREE/Animations/2Hand-Sword/RPG-Character@2Hand-Sword-Strafe-Backward-Right.FBX using Guid(0b57817742a7a134a8e4ff2c3594632d) Importer(815301076,1909f56bfc062723c751e8b465ee728b) [PhysX] Initialized MultithreadedTaskDispatcher with 32 workers.
 -> (artifact id: '51fb34a75cd54e16998fa6d821d9ae5b') in 0.003571 seconds
Number of updated asset objects reloaded before import = 0
Number of asset objects unloaded after import = 113
========================================================================
Received Import Request.
  Time since last request: 0.000013 seconds.
  path: Assets/ExplosiveLLC/RPG Character Mecanim Animation Pack FREE/Animations/2Hand-Sword/RPG-Character@2Hand-Sword-Strafe-Backward-Left.FBX
  artifactKey: Guid(acbd8f9ef088d1f448b9640e40278752) Importer(815301076,1909f56bfc062723c751e8b465ee728b)
Start importing Assets/ExplosiveLLC/RPG Character Mecanim Animation Pack FREE/Animations/2Hand-Sword/RPG-Character@2Hand-Sword-Strafe-Backward-Left.FBX using Guid(acbd8f9ef088d1f448b9640e40278752) Importer(815301076,1909f56bfc062723c751e8b465ee728b) [PhysX] Initialized MultithreadedTaskDispatcher with 32 workers.
 -> (artifact id: '4606c5e9c9771e6aae1b1e5f31188ff3') in 0.002859 seconds
Number of updated asset objects reloaded before import = 0
Number of asset objects unloaded after import = 113
========================================================================
Received Import Request.
  Time since last request: 0.000011 seconds.
  path: Assets/ExplosiveLLC/RPG Character Mecanim Animation Pack FREE/Animations/2Hand-Sword/RPG-Character@2Hand-Sword-Strafe-Forward.FBX
  artifactKey: Guid(bcdf2d620dd35934e916526972be7006) Importer(815301076,1909f56bfc062723c751e8b465ee728b)
Start importing Assets/ExplosiveLLC/RPG Character Mecanim Animation Pack FREE/Animations/2Hand-Sword/RPG-Character@2Hand-Sword-Strafe-Forward.FBX using Guid(bcdf2d620dd35934e916526972be7006) Importer(815301076,1909f56bfc062723c751e8b465ee728b) [PhysX] Initialized MultithreadedTaskDispatcher with 32 workers.
 -> (artifact id: '8b0730dbcc8c0c759e229d65d2a30ca1') in 0.002722 seconds
Number of updated asset objects reloaded before import = 0
Number of asset objects unloaded after import = 113
========================================================================
Received Import Request.
  Time since last request: 0.000011 seconds.
  path: Assets/ExplosiveLLC/RPG Character Mecanim Animation Pack FREE/Animations/2Hand-Sword/RPG-Character@2Hand-Sword-Strafe-Left.FBX
  artifactKey: Guid(5138183205551c5448d78f2f2e6aaa56) Importer(815301076,1909f56bfc062723c751e8b465ee728b)
Start importing Assets/ExplosiveLLC/RPG Character Mecanim Animation Pack FREE/Animations/2Hand-Sword/RPG-Character@2Hand-Sword-Strafe-Left.FBX using Guid(5138183205551c5448d78f2f2e6aaa56) Importer(815301076,1909f56bfc062723c751e8b465ee728b) [PhysX] Initialized MultithreadedTaskDispatcher with 32 workers.
 -> (artifact id: 'dcd6e4234b224fefc073b8596ab8093c') in 0.002840 seconds
Number of updated asset objects reloaded before import = 0
Number of asset objects unloaded after import = 113
========================================================================
Received Import Request.
  Time since last request: 0.000009 seconds.
  path: Assets/ExplosiveLLC/RPG Character Mecanim Animation Pack FREE/Animations/2Hand-Sword/RPG-Character@2Hand-Sword-GetHit-B1.FBX
  artifactKey: Guid(c4a6316ca6c9fdc46bb89081e20406a0) Importer(815301076,1909f56bfc062723c751e8b465ee728b)
Start importing Assets/ExplosiveLLC/RPG Character Mecanim Animation Pack FREE/Animations/2Hand-Sword/RPG-Character@2Hand-Sword-GetHit-B1.FBX using Guid(c4a6316ca6c9fdc46bb89081e20406a0) Importer(815301076,1909f56bfc062723c751e8b465ee728b) [PhysX] Initialized MultithreadedTaskDispatcher with 32 workers.
 -> (artifact id: '7f111fd9ae561274cbb582274323fb2b') in 0.002651 seconds
Number of updated asset objects reloaded before import = 0
Number of asset objects unloaded after import = 113
========================================================================
Received Import Request.
  Time since last request: 0.000008 seconds.
  path: Assets/ExplosiveLLC/RPG Character Mecanim Animation Pack FREE/Animations/2Hand-Sword/RPG-Character@2Hand-Sword-Walk.FBX
  artifactKey: Guid(3c23279e3e02346458b3f82bb43abf94) Importer(815301076,1909f56bfc062723c751e8b465ee728b)
Start importing Assets/ExplosiveLLC/RPG Character Mecanim Animation Pack FREE/Animations/2Hand-Sword/RPG-Character@2Hand-Sword-Walk.FBX using Guid(3c23279e3e02346458b3f82bb43abf94) Importer(815301076,1909f56bfc062723c751e8b465ee728b) [PhysX] Initialized MultithreadedTaskDispatcher with 32 workers.
 -> (artifact id: '912d33b688716be2ca70f9152998804e') in 0.002834 seconds
Number of updated asset objects reloaded before import = 0
Number of asset objects unloaded after import = 113
========================================================================
Received Import Request.
  Time since last request: 0.000012 seconds.
  path: Assets/ExplosiveLLC/RPG Character Mecanim Animation Pack FREE/Animations/2Hand-Sword/RPG-Character@2Hand-Sword-Land.FBX
  artifactKey: Guid(37e4532405deab74581ed8fe01091a02) Importer(815301076,1909f56bfc062723c751e8b465ee728b)
Start importing Assets/ExplosiveLLC/RPG Character Mecanim Animation Pack FREE/Animations/2Hand-Sword/RPG-Character@2Hand-Sword-Land.FBX using Guid(37e4532405deab74581ed8fe01091a02) Importer(815301076,1909f56bfc062723c751e8b465ee728b) [PhysX] Initialized MultithreadedTaskDispatcher with 32 workers.
 -> (artifact id: '414ba2c5894b48eb98e80d9433156882') in 0.003364 seconds
Number of updated asset objects reloaded before import = 0
Number of asset objects unloaded after import = 113
========================================================================
Received Import Request.
  Time since last request: 0.000012 seconds.
  path: Assets/ExplosiveLLC/RPG Character Mecanim Animation Pack FREE/Animations/2Hand-Sword/RPG-Character@2Hand-Sword-Attack9.FBX
  artifactKey: Guid(06e24acb759a2ac4c965d56b0101f8ba) Importer(815301076,1909f56bfc062723c751e8b465ee728b)
Start importing Assets/ExplosiveLLC/RPG Character Mecanim Animation Pack FREE/Animations/2Hand-Sword/RPG-Character@2Hand-Sword-Attack9.FBX using Guid(06e24acb759a2ac4c965d56b0101f8ba) Importer(815301076,1909f56bfc062723c751e8b465ee728b) [PhysX] Initialized MultithreadedTaskDispatcher with 32 workers.
 -> (artifact id: 'eadf978677089ae0bbe10620b22f552f') in 0.003670 seconds
Number of updated asset objects reloaded before import = 0
Number of asset objects unloaded after import = 113
========================================================================
Received Import Request.
  Time since last request: 0.000011 seconds.
  path: Assets/ExplosiveLLC/RPG Character Mecanim Animation Pack FREE/Animations/2Hand-Sword/RPG-Character@2Hand-Sword-GetHit-R1.FBX
  artifactKey: Guid(f8f52c7095ad58f4493880a61c998ea1) Importer(815301076,1909f56bfc062723c751e8b465ee728b)
Start importing Assets/ExplosiveLLC/RPG Character Mecanim Animation Pack FREE/Animations/2Hand-Sword/RPG-Character@2Hand-Sword-GetHit-R1.FBX using Guid(f8f52c7095ad58f4493880a61c998ea1) Importer(815301076,1909f56bfc062723c751e8b465ee728b) [PhysX] Initialized MultithreadedTaskDispatcher with 32 workers.
 -> (artifact id: '036fd23157b56ef1d7bf0f4048d6fa46') in 0.002929 seconds
Number of updated asset objects reloaded before import = 0
Number of asset objects unloaded after import = 113
========================================================================
Received Import Request.
  Time since last request: 0.000011 seconds.
  path: Assets/ExplosiveLLC/RPG Character Mecanim Animation Pack FREE/Animations/2Hand-Sword/RPG-Character@2Hand-Sword-Attack7.FBX
  artifactKey: Guid(96ed5e4a6dc56fe4c9c2de75fc8a077c) Importer(815301076,1909f56bfc062723c751e8b465ee728b)
Start importing Assets/ExplosiveLLC/RPG Character Mecanim Animation Pack FREE/Animations/2Hand-Sword/RPG-Character@2Hand-Sword-Attack7.FBX using Guid(96ed5e4a6dc56fe4c9c2de75fc8a077c) Importer(815301076,1909f56bfc062723c751e8b465ee728b) [PhysX] Initialized MultithreadedTaskDispatcher with 32 workers.
 -> (artifact id: '2fe07afd02a33937f310447264a65cf1') in 0.004020 seconds
Number of updated asset objects reloaded before import = 0
Number of asset objects unloaded after import = 113
========================================================================
Received Import Request.
  Time since last request: 0.000022 seconds.
  path: Assets/ExplosiveLLC/RPG Character Mecanim Animation Pack FREE/Animations/2Hand-Sword/RPG-Character@2Hand-Sword-Fall.FBX
  artifactKey: Guid(af325fd4fbf92f0458ca548353bddf90) Importer(815301076,1909f56bfc062723c751e8b465ee728b)
Start importing Assets/ExplosiveLLC/RPG Character Mecanim Animation Pack FREE/Animations/2Hand-Sword/RPG-Character@2Hand-Sword-Fall.FBX using Guid(af325fd4fbf92f0458ca548353bddf90) Importer(815301076,1909f56bfc062723c751e8b465ee728b) [PhysX] Initialized MultithreadedTaskDispatcher with 32 workers.
 -> (artifact id: '6f33d32c0cea37c40402c38d9b53a9b9') in 0.003701 seconds
Number of updated asset objects reloaded before import = 0
Number of asset objects unloaded after import = 113
========================================================================
Received Import Request.
  Time since last request: 0.000017 seconds.
  path: Assets/ExplosiveLLC/RPG Character Mecanim Animation Pack FREE/Animations/2Hand-Sword/RPG-Character@2Hand-Sword-Run-Backward.FBX
  artifactKey: Guid(925f58245af13ab4ca49dc43d12de4bd) Importer(815301076,1909f56bfc062723c751e8b465ee728b)
Start importing Assets/ExplosiveLLC/RPG Character Mecanim Animation Pack FREE/Animations/2Hand-Sword/RPG-Character@2Hand-Sword-Run-Backward.FBX using Guid(925f58245af13ab4ca49dc43d12de4bd) Importer(815301076,1909f56bfc062723c751e8b465ee728b) [PhysX] Initialized MultithreadedTaskDispatcher with 32 workers.
 -> (artifact id: 'fa39e952f0352f8739731cd77f6ac44f') in 0.003650 seconds
Number of updated asset objects reloaded before import = 0
Number of asset objects unloaded after import = 113
========================================================================
Received Import Request.
  Time since last request: 0.000017 seconds.
  path: Assets/ExplosiveLLC/RPG Character Mecanim Animation Pack FREE/Animations/2Hand-Sword/RPG-Character@2Hand-Sword-Attack10.FBX
  artifactKey: Guid(5354b4f390c868842b96d7c4c201bdf8) Importer(815301076,1909f56bfc062723c751e8b465ee728b)
Start importing Assets/ExplosiveLLC/RPG Character Mecanim Animation Pack FREE/Animations/2Hand-Sword/RPG-Character@2Hand-Sword-Attack10.FBX using Guid(5354b4f390c868842b96d7c4c201bdf8) Importer(815301076,1909f56bfc062723c751e8b465ee728b) [PhysX] Initialized MultithreadedTaskDispatcher with 32 workers.
 -> (artifact id: '11fc282b5900eb57e1c40dec7e976eab') in 0.003323 seconds
Number of updated asset objects reloaded before import = 0
Number of asset objects unloaded after import = 113
========================================================================
Received Import Request.
  Time since last request: 0.000019 seconds.
  path: Assets/ExplosiveLLC/RPG Character Mecanim Animation Pack FREE/Animations/2Hand-Sword/RPG-Character@2Hand-Sword-Attack4.FBX
  artifactKey: Guid(cdd2643e8053d5b419629acf98510a71) Importer(815301076,1909f56bfc062723c751e8b465ee728b)
Start importing Assets/ExplosiveLLC/RPG Character Mecanim Animation Pack FREE/Animations/2Hand-Sword/RPG-Character@2Hand-Sword-Attack4.FBX using Guid(cdd2643e8053d5b419629acf98510a71) Importer(815301076,1909f56bfc062723c751e8b465ee728b) [PhysX] Initialized MultithreadedTaskDispatcher with 32 workers.
 -> (artifact id: 'bafdf2c8fcbb76036625050dda341d2d') in 0.004085 seconds
Number of updated asset objects reloaded before import = 0
Number of asset objects unloaded after import = 113
========================================================================
Received Import Request.
  Time since last request: 0.000020 seconds.
  path: Assets/ExplosiveLLC/RPG Character Mecanim Animation Pack FREE/Animations/2Hand-Sword/RPG-Character@2Hand-Sword-Strafe-Backward.FBX
  artifactKey: Guid(49c8b0222c69c4441a9b6a085641e4eb) Importer(815301076,1909f56bfc062723c751e8b465ee728b)
Start importing Assets/ExplosiveLLC/RPG Character Mecanim Animation Pack FREE/Animations/2Hand-Sword/RPG-Character@2Hand-Sword-Strafe-Backward.FBX using Guid(49c8b0222c69c4441a9b6a085641e4eb) Importer(815301076,1909f56bfc062723c751e8b465ee728b) [PhysX] Initialized MultithreadedTaskDispatcher with 32 workers.
 -> (artifact id: '3bebbbce69209fb16c7f1d8515fcdc1e') in 0.006020 seconds
Number of updated asset objects reloaded before import = 0
Number of asset objects unloaded after import = 113
========================================================================
Received Import Request.
  Time since last request: 0.075706 seconds.
  path: Assets/ExplosiveLLC/RPG Character Mecanim Animation Pack FREE/Animations/Unarmed/RPG-Character@Unarmed-Attack-L2.FBX
  artifactKey: Guid(69f3b1b43eb337548a8633b7b82d6fc6) Importer(815301076,1909f56bfc062723c751e8b465ee728b)
Start importing Assets/ExplosiveLLC/RPG Character Mecanim Animation Pack FREE/Animations/Unarmed/RPG-Character@Unarmed-Attack-L2.FBX using Guid(69f3b1b43eb337548a8633b7b82d6fc6) Importer(815301076,1909f56bfc062723c751e8b465ee728b) [PhysX] Initialized MultithreadedTaskDispatcher with 32 workers.
 -> (artifact id: 'c0f7315aeba8f27f2ab0f9a9cf96ba0f') in 0.003473 seconds
Number of updated asset objects reloaded before import = 0
Number of asset objects unloaded after import = 113
========================================================================
Received Import Request.
  Time since last request: 0.000014 seconds.
  path: Assets/ExplosiveLLC/RPG Character Mecanim Animation Pack FREE/Animations/Unarmed/RPG-Character@Unarmed-Attack-R3.FBX
  artifactKey: Guid(3414c515c6a2f334da03b4ab3d547691) Importer(815301076,1909f56bfc062723c751e8b465ee728b)
Start importing Assets/ExplosiveLLC/RPG Character Mecanim Animation Pack FREE/Animations/Unarmed/RPG-Character@Unarmed-Attack-R3.FBX using Guid(3414c515c6a2f334da03b4ab3d547691) Importer(815301076,1909f56bfc062723c751e8b465ee728b) [PhysX] Initialized MultithreadedTaskDispatcher with 32 workers.
 -> (artifact id: '099cb2d718ea1a6f889f6232a447940c') in 0.002725 seconds
Number of updated asset objects reloaded before import = 0
Number of asset objects unloaded after import = 113
========================================================================
Received Import Request.
  Time since last request: 0.000010 seconds.
  path: Assets/ExplosiveLLC/RPG Character Mecanim Animation Pack FREE/Animations/Unarmed/RPG-Character@Unarmed-GetHit-B1.FBX
  artifactKey: Guid(f2283fcc1389144489d8a3ed7a005b1c) Importer(815301076,1909f56bfc062723c751e8b465ee728b)
Start importing Assets/ExplosiveLLC/RPG Character Mecanim Animation Pack FREE/Animations/Unarmed/RPG-Character@Unarmed-GetHit-B1.FBX using Guid(f2283fcc1389144489d8a3ed7a005b1c) Importer(815301076,1909f56bfc062723c751e8b465ee728b) [PhysX] Initialized MultithreadedTaskDispatcher with 32 workers.
 -> (artifact id: 'c6db16c3cf8f9c1b1bf94a21e80d3ac4') in 0.002887 seconds
Number of updated asset objects reloaded before import = 0
Number of asset objects unloaded after import = 113
========================================================================
Received Import Request.
  Time since last request: 0.000012 seconds.
  path: Assets/ExplosiveLLC/RPG Character Mecanim Animation Pack FREE/Animations/Unarmed/RPG-Character@Unarmed-Jump-Flip.FBX
  artifactKey: Guid(79e31c86fd172bc439fb920de8bae7c5) Importer(815301076,1909f56bfc062723c751e8b465ee728b)
Start importing Assets/ExplosiveLLC/RPG Character Mecanim Animation Pack FREE/Animations/Unarmed/RPG-Character@Unarmed-Jump-Flip.FBX using Guid(79e31c86fd172bc439fb920de8bae7c5) Importer(815301076,1909f56bfc062723c751e8b465ee728b) [PhysX] Initialized MultithreadedTaskDispatcher with 32 workers.
 -> (artifact id: '04a8f53ebf8ef16f80dd00c9ef082d63') in 0.002458 seconds
Number of updated asset objects reloaded before import = 0
Number of asset objects unloaded after import = 113
========================================================================
Received Import Request.
  Time since last request: 0.000009 seconds.
  path: Assets/ExplosiveLLC/RPG Character Mecanim Animation Pack FREE/Animations/Unarmed/RPG-Character@Unarmed-Run-Backward-Right.FBX
  artifactKey: Guid(c3db31be38cd2444c8b58d3cde31e70e) Importer(815301076,1909f56bfc062723c751e8b465ee728b)
Start importing Assets/ExplosiveLLC/RPG Character Mecanim Animation Pack FREE/Animations/Unarmed/RPG-Character@Unarmed-Run-Backward-Right.FBX using Guid(c3db31be38cd2444c8b58d3cde31e70e) Importer(815301076,1909f56bfc062723c751e8b465ee728b) [PhysX] Initialized MultithreadedTaskDispatcher with 32 workers.
 -> (artifact id: '074ac6b5b20215b46f5c4b8de560edb2') in 0.002380 seconds
Number of updated asset objects reloaded before import = 0
Number of asset objects unloaded after import = 113
========================================================================
Received Import Request.
  Time since last request: 0.000008 seconds.
  path: Assets/ExplosiveLLC/RPG Character Mecanim Animation Pack FREE/Animations/Unarmed/RPG-Character@Unarmed-Run-Left.FBX
  artifactKey: Guid(34cf87f11bbc57c4b9b73fdd5fa93281) Importer(815301076,1909f56bfc062723c751e8b465ee728b)
Start importing Assets/ExplosiveLLC/RPG Character Mecanim Animation Pack FREE/Animations/Unarmed/RPG-Character@Unarmed-Run-Left.FBX using Guid(34cf87f11bbc57c4b9b73fdd5fa93281) Importer(815301076,1909f56bfc062723c751e8b465ee728b) [PhysX] Initialized MultithreadedTaskDispatcher with 32 workers.
 -> (artifact id: 'c060ca79ed07ec034023f1ed5b541246') in 0.002407 seconds
Number of updated asset objects reloaded before import = 0
Number of asset objects unloaded after import = 113
========================================================================
Received Import Request.
  Time since last request: 0.000010 seconds.
  path: Assets/ExplosiveLLC/RPG Character Mecanim Animation Pack FREE/Animations/Unarmed/RPG-Character@Unarmed-Strafe-Backward-Right.FBX
  artifactKey: Guid(7cb280337cb0fdd4399af55c6ab24dc7) Importer(815301076,1909f56bfc062723c751e8b465ee728b)
Start importing Assets/ExplosiveLLC/RPG Character Mecanim Animation Pack FREE/Animations/Unarmed/RPG-Character@Unarmed-Strafe-Backward-Right.FBX using Guid(7cb280337cb0fdd4399af55c6ab24dc7) Importer(815301076,1909f56bfc062723c751e8b465ee728b) [PhysX] Initialized MultithreadedTaskDispatcher with 32 workers.
 -> (artifact id: '6d64beee5e04f2e1dc05f8434f2b491a') in 0.003145 seconds
Number of updated asset objects reloaded before import = 0
Number of asset objects unloaded after import = 117
========================================================================
Received Import Request.
  Time since last request: 0.000014 seconds.
  path: Assets/ExplosiveLLC/RPG Character Mecanim Animation Pack FREE/Animations/Unarmed/RPG-Character@Unarmed-Stunned.FBX
  artifactKey: Guid(5b3833fc8bf3c7d4eb21a48c14ead54b) Importer(815301076,1909f56bfc062723c751e8b465ee728b)
Start importing Assets/ExplosiveLLC/RPG Character Mecanim Animation Pack FREE/Animations/Unarmed/RPG-Character@Unarmed-Stunned.FBX using Guid(5b3833fc8bf3c7d4eb21a48c14ead54b) Importer(815301076,1909f56bfc062723c751e8b465ee728b) [PhysX] Initialized MultithreadedTaskDispatcher with 32 workers.
 -> (artifact id: '856e8c3f5ae03a1d62217f8f9b9b8aee') in 0.004279 seconds
Number of updated asset objects reloaded before import = 0
Number of asset objects unloaded after import = 113
========================================================================
Received Import Request.
  Time since last request: 0.000015 seconds.
  path: Assets/ExplosiveLLC/RPG Character Mecanim Animation Pack FREE/Animations/Unarmed/RPG-Character@Unarmed-Strafe-Left.FBX
  artifactKey: Guid(af2453d50b96fc949891d7b278aaf733) Importer(815301076,1909f56bfc062723c751e8b465ee728b)
Start importing Assets/ExplosiveLLC/RPG Character Mecanim Animation Pack FREE/Animations/Unarmed/RPG-Character@Unarmed-Strafe-Left.FBX using Guid(af2453d50b96fc949891d7b278aaf733) Importer(815301076,1909f56bfc062723c751e8b465ee728b) [PhysX] Initialized MultithreadedTaskDispatcher with 32 workers.
 -> (artifact id: '0c285819bac47ded00cc17e04b3bd2ff') in 0.002985 seconds
Number of updated asset objects reloaded before import = 0
Number of asset objects unloaded after import = 113
========================================================================
Received Import Request.
  Time since last request: 0.000010 seconds.
  path: Assets/ExplosiveLLC/RPG Character Mecanim Animation Pack FREE/Animations/Unarmed/RPG-Character@Unarmed-Attack-L3.FBX
  artifactKey: Guid(1315bcd7509173f44bc6655b2673dd4d) Importer(815301076,1909f56bfc062723c751e8b465ee728b)
Start importing Assets/ExplosiveLLC/RPG Character Mecanim Animation Pack FREE/Animations/Unarmed/RPG-Character@Unarmed-Attack-L3.FBX using Guid(1315bcd7509173f44bc6655b2673dd4d) Importer(815301076,1909f56bfc062723c751e8b465ee728b) [PhysX] Initialized MultithreadedTaskDispatcher with 32 workers.
 -> (artifact id: 'c883350103da7d77b908fdf9476a248a') in 0.002663 seconds
Number of updated asset objects reloaded before import = 0
Number of asset objects unloaded after import = 113
========================================================================
Received Import Request.
  Time since last request: 0.000011 seconds.
  path: Assets/ExplosiveLLC/RPG Character Mecanim Animation Pack FREE/Animations/Unarmed/RPG-Character@Unarmed-Run-Backward-Left.FBX
  artifactKey: Guid(3ad1df7d2c4cd6546b760c44f86275e8) Importer(815301076,1909f56bfc062723c751e8b465ee728b)
Start importing Assets/ExplosiveLLC/RPG Character Mecanim Animation Pack FREE/Animations/Unarmed/RPG-Character@Unarmed-Run-Backward-Left.FBX using Guid(3ad1df7d2c4cd6546b760c44f86275e8) Importer(815301076,1909f56bfc062723c751e8b465ee728b) [PhysX] Initialized MultithreadedTaskDispatcher with 32 workers.
 -> (artifact id: 'a056a73256d2de68c656fc11bd681274') in 0.002552 seconds
Number of updated asset objects reloaded before import = 0
Number of asset objects unloaded after import = 113
========================================================================
Received Import Request.
  Time since last request: 0.000012 seconds.
  path: Assets/ExplosiveLLC/RPG Character Mecanim Animation Pack FREE/Animations/Unarmed/RPG-Character@Unarmed-Run-Forward-Attack1-Left.FBX
  artifactKey: Guid(fb6818b2294f46247ac001184ec52c03) Importer(815301076,1909f56bfc062723c751e8b465ee728b)
Start importing Assets/ExplosiveLLC/RPG Character Mecanim Animation Pack FREE/Animations/Unarmed/RPG-Character@Unarmed-Run-Forward-Attack1-Left.FBX using Guid(fb6818b2294f46247ac001184ec52c03) Importer(815301076,1909f56bfc062723c751e8b465ee728b) [PhysX] Initialized MultithreadedTaskDispatcher with 32 workers.
 -> (artifact id: '8295f0aeeaff2493995831bef0598953') in 0.003788 seconds
Number of updated asset objects reloaded before import = 0
Number of asset objects unloaded after import = 113
========================================================================
Received Import Request.
  Time since last request: 0.000014 seconds.
  path: Assets/ExplosiveLLC/RPG Character Mecanim Animation Pack FREE/Animations/Unarmed/RPG-Character@Unarmed-Fall.FBX
  artifactKey: Guid(8164d5f25ce079442917b5582dfdbf2b) Importer(815301076,1909f56bfc062723c751e8b465ee728b)
Start importing Assets/ExplosiveLLC/RPG Character Mecanim Animation Pack FREE/Animations/Unarmed/RPG-Character@Unarmed-Fall.FBX using Guid(8164d5f25ce079442917b5582dfdbf2b) Importer(815301076,1909f56bfc062723c751e8b465ee728b) [PhysX] Initialized MultithreadedTaskDispatcher with 32 workers.
 -> (artifact id: 'a341ba3e9aea5958c33d1e9ec8b7436a') in 0.003276 seconds
Number of updated asset objects reloaded before import = 0
Number of asset objects unloaded after import = 113
========================================================================
Received Import Request.
  Time since last request: 0.000013 seconds.
  path: Assets/ExplosiveLLC/RPG Character Mecanim Animation Pack FREE/Animations/Unarmed/RPG-Character@Unarmed-Strafe-Forward-Left.FBX
  artifactKey: Guid(443693849a2f4e741afac059a470e10e) Importer(815301076,1909f56bfc062723c751e8b465ee728b)
Start importing Assets/ExplosiveLLC/RPG Character Mecanim Animation Pack FREE/Animations/Unarmed/RPG-Character@Unarmed-Strafe-Forward-Left.FBX using Guid(443693849a2f4e741afac059a470e10e) Importer(815301076,1909f56bfc062723c751e8b465ee728b) [PhysX] Initialized MultithreadedTaskDispatcher with 32 workers.
 -> (artifact id: 'c2901e8ebe336524072517ad2288a86b') in 0.003504 seconds
Number of updated asset objects reloaded before import = 0
Number of asset objects unloaded after import = 117
========================================================================
Received Import Request.
  Time since last request: 0.000013 seconds.
  path: Assets/ExplosiveLLC/RPG Character Mecanim Animation Pack FREE/Animations/Unarmed/RPG-Character@Unarmed-Strafe-Backward.FBX
  artifactKey: Guid(e3ce9218d72c10841bbd95cd901792d4) Importer(815301076,1909f56bfc062723c751e8b465ee728b)
Start importing Assets/ExplosiveLLC/RPG Character Mecanim Animation Pack FREE/Animations/Unarmed/RPG-Character@Unarmed-Strafe-Backward.FBX using Guid(e3ce9218d72c10841bbd95cd901792d4) Importer(815301076,1909f56bfc062723c751e8b465ee728b) [PhysX] Initialized MultithreadedTaskDispatcher with 32 workers.
 -> (artifact id: 'be0466bd1c02c99674c522b96e41a5c6') in 0.003691 seconds
Number of updated asset objects reloaded before import = 0
Number of asset objects unloaded after import = 113
========================================================================
Received Import Request.
  Time since last request: 0.000017 seconds.
  path: Assets/ExplosiveLLC/RPG Character Mecanim Animation Pack FREE/Animations/Unarmed/RPG-Character@Unarmed-Run-Forward.FBX
  artifactKey: Guid(a7e98d51bd73b0348b47acf6a9f02766) Importer(815301076,1909f56bfc062723c751e8b465ee728b)
Start importing Assets/ExplosiveLLC/RPG Character Mecanim Animation Pack FREE/Animations/Unarmed/RPG-Character@Unarmed-Run-Forward.FBX using Guid(a7e98d51bd73b0348b47acf6a9f02766) Importer(815301076,1909f56bfc062723c751e8b465ee728b) [PhysX] Initialized MultithreadedTaskDispatcher with 32 workers.
 -> (artifact id: '5720e22d504803f738c9de0fb998e527') in 0.003202 seconds
Number of updated asset objects reloaded before import = 0
Number of asset objects unloaded after import = 113
========================================================================
Received Import Request.
  Time since last request: 0.000017 seconds.
  path: Assets/ExplosiveLLC/RPG Character Mecanim Animation Pack FREE/Animations/Unarmed/RPG-Character@Unarmed-Strafe-Backward-Left.FBX
  artifactKey: Guid(38d950ecf8ee061498d6479837d21d77) Importer(815301076,1909f56bfc062723c751e8b465ee728b)
Start importing Assets/ExplosiveLLC/RPG Character Mecanim Animation Pack FREE/Animations/Unarmed/RPG-Character@Unarmed-Strafe-Backward-Left.FBX using Guid(38d950ecf8ee061498d6479837d21d77) Importer(815301076,1909f56bfc062723c751e8b465ee728b) [PhysX] Initialized MultithreadedTaskDispatcher with 32 workers.
 -> (artifact id: '7f9ac6a743be1dff8a79f109c2b4c76a') in 0.003903 seconds
Number of updated asset objects reloaded before import = 0
Number of asset objects unloaded after import = 117
========================================================================
Received Import Request.
  Time since last request: 0.000011 seconds.
  path: Assets/ExplosiveLLC/RPG Character Mecanim Animation Pack FREE/Animations/Unarmed/RPG-Character@Unarmed-Knockback-Back2.FBX
  artifactKey: Guid(00da53bccc2999e4f82c7868a620854c) Importer(815301076,1909f56bfc062723c751e8b465ee728b)
Start importing Assets/ExplosiveLLC/RPG Character Mecanim Animation Pack FREE/Animations/Unarmed/RPG-Character@Unarmed-Knockback-Back2.FBX using Guid(00da53bccc2999e4f82c7868a620854c) Importer(815301076,1909f56bfc062723c751e8b465ee728b) [PhysX] Initialized MultithreadedTaskDispatcher with 32 workers.
 -> (artifact id: '87cc6102ef3d100deab839c035850bc2') in 0.003014 seconds
Number of updated asset objects reloaded before import = 0
Number of asset objects unloaded after import = 113
========================================================================
Received Import Request.
  Time since last request: 0.000010 seconds.
  path: Assets/ExplosiveLLC/RPG Character Mecanim Animation Pack FREE/Animations/Unarmed/RPG-Character@Unarmed-Knockdown1.FBX
  artifactKey: Guid(7f0b16d67db4d0349993822251b989b3) Importer(815301076,1909f56bfc062723c751e8b465ee728b)
Start importing Assets/ExplosiveLLC/RPG Character Mecanim Animation Pack FREE/Animations/Unarmed/RPG-Character@Unarmed-Knockdown1.FBX using Guid(7f0b16d67db4d0349993822251b989b3) Importer(815301076,1909f56bfc062723c751e8b465ee728b) [PhysX] Initialized MultithreadedTaskDispatcher with 32 workers.
 -> (artifact id: '14c13ad06f733f81b6fb5980c682e684') in 0.002990 seconds
Number of updated asset objects reloaded before import = 0
Number of asset objects unloaded after import = 113
========================================================================
Received Import Request.
  Time since last request: 0.000010 seconds.
  path: Assets/ExplosiveLLC/RPG Character Mecanim Animation Pack FREE/Animations/Unarmed/RPG-Character@Unarmed-Strafe-Forward.FBX
  artifactKey: Guid(a3c7daf5dbba19245938db35245052fa) Importer(815301076,1909f56bfc062723c751e8b465ee728b)
Start importing Assets/ExplosiveLLC/RPG Character Mecanim Animation Pack FREE/Animations/Unarmed/RPG-Character@Unarmed-Strafe-Forward.FBX using Guid(a3c7daf5dbba19245938db35245052fa) Importer(815301076,1909f56bfc062723c751e8b465ee728b) [PhysX] Initialized MultithreadedTaskDispatcher with 32 workers.
 -> (artifact id: '0da47aff5d5e4831b161501bc8f39aa0') in 0.003073 seconds
Number of updated asset objects reloaded before import = 0
Number of asset objects unloaded after import = 113
========================================================================
Received Import Request.
  Time since last request: 0.000012 seconds.
  path: Assets/ExplosiveLLC/RPG Character Mecanim Animation Pack FREE/Animations/Unarmed/RPG-Character@Unarmed-Knockback-Back1.FBX
  artifactKey: Guid(8a97945fe1c9ff84f9f9a4369d5c4a74) Importer(815301076,1909f56bfc062723c751e8b465ee728b)
Start importing Assets/ExplosiveLLC/RPG Character Mecanim Animation Pack FREE/Animations/Unarmed/RPG-Character@Unarmed-Knockback-Back1.FBX using Guid(8a97945fe1c9ff84f9f9a4369d5c4a74) Importer(815301076,1909f56bfc062723c751e8b465ee728b) [PhysX] Initialized MultithreadedTaskDispatcher with 32 workers.
 -> (artifact id: '232838cc7649ba7ce84a640894b42d77') in 0.003296 seconds
Number of updated asset objects reloaded before import = 0
Number of asset objects unloaded after import = 113
Editor requested this worker to shutdown with reason: Scaling down because of idle timeout
TcpMessagingSession - receive error: operation aborted. errorcode: 995, details:  I/O 
AssetImportWorker is now disconnected from the server
Process exiting
Exiting without the bug reporter. Application will terminate with return code 0